<?xml version="1.0" encoding="UTF-8"?>
<testsuite xmlns:xsi="http://www.w3.org/2001/XMLSchema-instance" xsi:noNamespaceSchemaLocation="https://maven.apache.org/surefire/maven-surefire-plugin/xsd/surefire-test-report-3.0.xsd" version="3.0" name="br.unipar.testesdesoftware_exercicio3.VendaServiceTest" time="1.18" tests="9" errors="0" skipped="0" failures="0">
  <properties>
    <property name="java.specification.version" value="21"/>
    <property name="sun.cpu.isalist" value="amd64"/>
    <property name="sun.jnu.encoding" value="Cp1252"/>
    <property name="java.class.path" value="C:\Users\aline\Documents\NetBeansProjects\TestesDeSoftware_Exercicio3\target\test-classes;C:\Users\aline\Documents\NetBeansProjects\TestesDeSoftware_Exercicio3\target\classes;C:\Users\aline\.m2\repository\org\junit\jupiter\junit-jupiter-api\5.6.0\junit-jupiter-api-5.6.0.jar;C:\Users\aline\.m2\repository\org\apiguardian\apiguardian-api\1.1.0\apiguardian-api-1.1.0.jar;C:\Users\aline\.m2\repository\org\opentest4j\opentest4j\1.2.0\opentest4j-1.2.0.jar;C:\Users\aline\.m2\repository\org\junit\platform\junit-platform-commons\1.6.0\junit-platform-commons-1.6.0.jar;C:\Users\aline\.m2\repository\org\junit\jupiter\junit-jupiter-params\5.6.0\junit-jupiter-params-5.6.0.jar;C:\Users\aline\.m2\repository\org\junit\jupiter\junit-jupiter-engine\5.6.0\junit-jupiter-engine-5.6.0.jar;C:\Users\aline\.m2\repository\org\junit\platform\junit-platform-engine\1.6.0\junit-platform-engine-1.6.0.jar;C:\Users\aline\.m2\repository\org\mockito\mockito-core\5.5.0\mockito-core-5.5.0.jar;C:\Users\aline\.m2\repository\net\bytebuddy\byte-buddy\1.14.6\byte-buddy-1.14.6.jar;C:\Users\aline\.m2\repository\net\bytebuddy\byte-buddy-agent\1.14.6\byte-buddy-agent-1.14.6.jar;C:\Users\aline\.m2\repository\org\objenesis\objenesis\3.3\objenesis-3.3.jar;C:\Users\aline\.m2\repository\com\github\dadiyang\MockJs4j\1.0.0\MockJs4j-1.0.0.jar;C:\Users\aline\.m2\repository\org\jeasy\easy-random-core\4.3.0\easy-random-core-4.3.0.jar;C:\Users\aline\.m2\repository\io\github\classgraph\classgraph\4.8.90\classgraph-4.8.90.jar;C:\Users\aline\.m2\repository\org\jeasy\easy-random-randomizers\4.3.0\easy-random-randomizers-4.3.0.jar;C:\Users\aline\.m2\repository\com\github\javafaker\javafaker\1.0.2\javafaker-1.0.2.jar;C:\Users\aline\.m2\repository\org\yaml\snakeyaml\1.23\snakeyaml-1.23-android.jar;C:\Users\aline\.m2\repository\com\github\mifmif\generex\1.0.2\generex-1.0.2.jar;C:\Users\aline\.m2\repository\dk\brics\automaton\automaton\1.11-8\automaton-1.11-8.jar;C:\Users\aline\.m2\repository\org\jeasy\easy-random-bean-validation\4.3.0\easy-random-bean-validation-4.3.0.jar;C:\Users\aline\.m2\repository\javax\validation\validation-api\2.0.1.Final\validation-api-2.0.1.Final.jar;C:\Users\aline\.m2\repository\org\apache\commons\commons-text\1.9\commons-text-1.9.jar;C:\Users\aline\.m2\repository\org\apache\commons\commons-lang3\3.11\commons-lang3-3.11.jar;C:\Users\aline\.m2\repository\commons-io\commons-io\2.8.0\commons-io-2.8.0.jar;"/>
    <property name="java.vm.vendor" value="Oracle Corporation"/>
    <property name="sun.arch.data.model" value="64"/>
    <property name="user.variant" value=""/>
    <property name="java.vendor.url" value="https://java.oracle.com/"/>
    <property name="user.timezone" value="America/Sao_Paulo"/>
    <property name="user.country.format" value="BR"/>
    <property name="os.name" value="Windows 11"/>
    <property name="java.vm.specification.version" value="21"/>
    <property name="user.country" value="US"/>
    <property name="sun.java.launcher" value="SUN_STANDARD"/>
    <property name="sun.boot.library.path" value="C:\Program Files\Java\jdk-21\bin"/>
    <property name="sun.java.command" value="C:\Users\aline\AppData\Local\Temp\surefire2655839532425979939\surefirebooter-20250916121806626_3.jar C:\Users\aline\AppData\Local\Temp\surefire2655839532425979939 2025-09-16T12-18-06_510-jvmRun1 surefire-20250916121806626_1tmp surefire_0-20250916121806626_2tmp"/>
    <property name="jdk.debug" value="release"/>
    <property name="test" value="br.unipar.testesdesoftware_exercicio3.VendaServiceTest"/>
    <property name="surefire.test.class.path" value="C:\Users\aline\Documents\NetBeansProjects\TestesDeSoftware_Exercicio3\target\test-classes;C:\Users\aline\Documents\NetBeansProjects\TestesDeSoftware_Exercicio3\target\classes;C:\Users\aline\.m2\repository\org\junit\jupiter\junit-jupiter-api\5.6.0\junit-jupiter-api-5.6.0.jar;C:\Users\aline\.m2\repository\org\apiguardian\apiguardian-api\1.1.0\apiguardian-api-1.1.0.jar;C:\Users\aline\.m2\repository\org\opentest4j\opentest4j\1.2.0\opentest4j-1.2.0.jar;C:\Users\aline\.m2\repository\org\junit\platform\junit-platform-commons\1.6.0\junit-platform-commons-1.6.0.jar;C:\Users\aline\.m2\repository\org\junit\jupiter\junit-jupiter-params\5.6.0\junit-jupiter-params-5.6.0.jar;C:\Users\aline\.m2\repository\org\junit\jupiter\junit-jupiter-engine\5.6.0\junit-jupiter-engine-5.6.0.jar;C:\Users\aline\.m2\repository\org\junit\platform\junit-platform-engine\1.6.0\junit-platform-engine-1.6.0.jar;C:\Users\aline\.m2\repository\org\mockito\mockito-core\5.5.0\mockito-core-5.5.0.jar;C:\Users\aline\.m2\repository\net\bytebuddy\byte-buddy\1.14.6\byte-buddy-1.14.6.jar;C:\Users\aline\.m2\repository\net\bytebuddy\byte-buddy-agent\1.14.6\byte-buddy-agent-1.14.6.jar;C:\Users\aline\.m2\repository\org\objenesis\objenesis\3.3\objenesis-3.3.jar;C:\Users\aline\.m2\repository\com\github\dadiyang\MockJs4j\1.0.0\MockJs4j-1.0.0.jar;C:\Users\aline\.m2\repository\org\jeasy\easy-random-core\4.3.0\easy-random-core-4.3.0.jar;C:\Users\aline\.m2\repository\io\github\classgraph\classgraph\4.8.90\classgraph-4.8.90.jar;C:\Users\aline\.m2\repository\org\jeasy\easy-random-randomizers\4.3.0\easy-random-randomizers-4.3.0.jar;C:\Users\aline\.m2\repository\com\github\javafaker\javafaker\1.0.2\javafaker-1.0.2.jar;C:\Users\aline\.m2\repository\org\yaml\snakeyaml\1.23\snakeyaml-1.23-android.jar;C:\Users\aline\.m2\repository\com\github\mifmif\generex\1.0.2\generex-1.0.2.jar;C:\Users\aline\.m2\repository\dk\brics\automaton\automaton\1.11-8\automaton-1.11-8.jar;C:\Users\aline\.m2\repository\org\jeasy\easy-random-bean-validation\4.3.0\easy-random-bean-validation-4.3.0.jar;C:\Users\aline\.m2\repository\javax\validation\validation-api\2.0.1.Final\validation-api-2.0.1.Final.jar;C:\Users\aline\.m2\repository\org\apache\commons\commons-text\1.9\commons-text-1.9.jar;C:\Users\aline\.m2\repository\org\apache\commons\commons-lang3\3.11\commons-lang3-3.11.jar;C:\Users\aline\.m2\repository\commons-io\commons-io\2.8.0\commons-io-2.8.0.jar;"/>
    <property name="sun.cpu.endian" value="little"/>
    <property name="user.home" value="C:\Users\aline"/>
    <property name="user.language" value="en"/>
    <property name="java.specification.vendor" value="Oracle Corporation"/>
    <property name="java.version.date" value="2024-01-16"/>
    <property name="java.home" value="C:\Program Files\Java\jdk-21"/>
    <property name="file.separator" value="\"/>
    <property name="basedir" value="C:\Users\aline\Documents\NetBeansProjects\TestesDeSoftware_Exercicio3"/>
    <property name="java.vm.compressedOopsMode" value="32-bit"/>
    <property name="line.separator" value="&#10;"/>
    <property name="java.vm.specification.vendor" value="Oracle Corporation"/>
    <property name="java.specification.name" value="Java Platform API Specification"/>
    <property name="surefire.real.class.path" value="C:\Users\aline\AppData\Local\Temp\surefire2655839532425979939\surefirebooter-20250916121806626_3.jar"/>
    <property name="user.script" value=""/>
    <property name="sun.management.compiler" value="HotSpot 64-Bit Tiered Compilers"/>
    <property name="java.runtime.version" value="21.0.2+13-LTS-58"/>
    <property name="user.name" value="aline"/>
    <property name="stdout.encoding" value="Cp1252"/>
    <property name="path.separator" value=";"/>
    <property name="os.version" value="10.0"/>
    <property name="java.runtime.name" value="Java(TM) SE Runtime Environment"/>
    <property name="file.encoding" value="UTF-8"/>
    <property name="java.vm.name" value="Java HotSpot(TM) 64-Bit Server VM"/>
    <property name="maven.ext.class.path" value="C:\Program Files\NetBeans-20\netbeans\java\maven-nblib\netbeans-eventspy.jar"/>
    <property name="localRepository" value="C:\Users\aline\.m2\repository"/>
    <property name="java.vendor.url.bug" value="https://bugreport.java.com/bugreport/"/>
    <property name="java.io.tmpdir" value="C:\Users\aline\AppData\Local\Temp\"/>
    <property name="java.version" value="21.0.2"/>
    <property name="user.dir" value="C:\Users\aline\Documents\NetBeansProjects\TestesDeSoftware_Exercicio3"/>
    <property name="os.arch" value="amd64"/>
    <property name="java.vm.specification.name" value="Java Virtual Machine Specification"/>
    <property name="user.language.format" value="pt"/>
    <property name="sun.os.patch.level" value=""/>
    <property name="native.encoding" value="Cp1252"/>
    <property name="java.library.path" value="C:\Program Files\Java\jdk-21\bin;C:\WINDOWS\Sun\Java\bin;C:\WINDOWS\system32;C:\WINDOWS;C:\Program Files\Common Files\Oracle\Java\javapath;C:\Program Files (x86)\Common Files\Oracle\Java\java8path;C:\Program Files (x86)\Common Files\Oracle\Java\javapath;C:\WINDOWS\system32;C:\WINDOWS;C:\WINDOWS\System32\Wbem;C:\WINDOWS\System32\WindowsPowerShell\v1.0\;C:\WINDOWS\System32\OpenSSH\;C:\Program Files (x86)\Microsoft SQL Server\160\Tools\Binn\;C:\Program Files\Microsoft SQL Server\160\Tools\Binn\;C:\Program Files\Microsoft SQL Server\Client SDK\ODBC\170\Tools\Binn\;C:\Program Files\Microsoft SQL Server\160\DTS\Binn\;C:\Program Files (x86)\Microsoft SQL Server\160\DTS\Binn\;C:\Program Files\dotnet\;C:\Program Files\Java\jdk-24\bin;C:\Program Files\Java\jre-1.8;C:\Program Files\Git\cmd;C:\Program Files\nodejs\;C:\Users\aline\AppData\Roaming\npm;."/>
    <property name="java.vm.info" value="mixed mode, sharing"/>
    <property name="stderr.encoding" value="Cp1252"/>
    <property name="java.vendor" value="Oracle Corporation"/>
    <property name="java.vm.version" value="21.0.2+13-LTS-58"/>
    <property name="sun.io.unicode.encoding" value="UnicodeLittle"/>
    <property name="java.class.version" value="65.0"/>
  </properties>
  <testcase name="testAdicionarProduto" classname="br.unipar.testesdesoftware_exercicio3.VendaServiceTest" time="1.059">
    <system-err><![CDATA[WARNING: A Java agent has been loaded dynamically (C:\Users\aline\.m2\repository\net\bytebuddy\byte-buddy-agent\1.14.6\byte-buddy-agent-1.14.6.jar)
WARNING: If a serviceability tool is in use, please run with -XX:+EnableDynamicAgentLoading to hide this warning
WARNING: If a serviceability tool is not in use, please run with -Djdk.instrument.traceUsage for more information
WARNING: Dynamic loading of agents will be disallowed by default in a future release
]]></system-err>
  </testcase>
  <testcase name="testDescontoZeroPorcento" classname="br.unipar.testesdesoftware_exercicio3.VendaServiceTest" time="0.064"/>
  <testcase name="testPagamentoLancaExcecao" classname="br.unipar.testesdesoftware_exercicio3.VendaServiceTest" time="0.016"/>
  <testcase name="testPagamentoAprovado" classname="br.unipar.testesdesoftware_exercicio3.VendaServiceTest" time="0.003"/>
  <testcase name="testEstoqueInsuficiente" classname="br.unipar.testesdesoftware_exercicio3.VendaServiceTest" time="0.003"/>
  <testcase name="testRemoverProduto" classname="br.unipar.testesdesoftware_exercicio3.VendaServiceTest" time="0.002"/>
  <testcase name="testPagamentoRejeitado" classname="br.unipar.testesdesoftware_exercicio3.VendaServiceTest" time="0.002"/>
  <testcase name="testDescontoDezPorcento" classname="br.unipar.testesdesoftware_exercicio3.VendaServiceTest" time="0.003"/>
  <testcase name="testCalcularTotal" classname="br.unipar.testesdesoftware_exercicio3.VendaServiceTest" time="0.002"/>
</testsuite>